Login successful: Array
(
    [usuario] => Array
        (
            [id] => 2
            [nombre_completo] => jorge
            [identificacion] => 1077721216
            [nacionalidad] => Colombia
            [email] => jorge@gmail.com
            [password] => $2y$10$rXYqI2rzl7rsNI584eGswu.x16Ojr/ZVeBpGz3t8yeYMLM73KmiQS
            [rol] => cliente
            [telefono] => 3238940362
            [fecha_nacimiento] => 2025-06-06
            [direccion] => Cll 3A #17-04
            [idioma_preferido] => es
            [is_active] => 1
            [created_at] => 2025-06-04 16:35:28
            [updated_at] => 
        )

    [nombre] => jorge
    [rol] => administrador
    [id_usuario] => 1
)

